<?xml version="1.0" encoding="UTF-8"?>
<!-- Generated by org.testng.reporters.JUnitXMLReporter -->
<testsuite ignored="0" hostname="krcko-PC" failures="0" tests="12" name="Surefire test" time="41.091" errors="0" timestamp="2026-02-13T22:57:45 CET">
  <testcase classname="AdminUserTest" name="succesfulAdminLogin" time="1.272"/>
  <testcase classname="AdminUserTest" name="succesfulAdminDashboard" time="0.285"/>
  <testcase classname="AdminUserTest" name="workingOrdersSearch" time="0.827"/>
  <testcase classname="CheckoutProcessTest" name="verifyCorrectItemsInCart" time="6.938"/>
  <testcase classname="CheckoutProcessTest" name="verifyCorrectCheckout" time="0.08"/>
  <testcase classname="CheckoutProcessTest" name="testCheckoutAndPaymentFlow" time="0.86"/>
  <testcase classname="LoginExistingUserTest" name="verifySuccessfulLogin" time="1.063"/>
  <testcase classname="LoginExistingUserTest" name="verifySuccesfulLogout" time="3.247"/>
  <testcase classname="LoginNonexistingUserTest" name="verifyUnsuccessfulLogin" time="0.835"/>
  <testcase classname="OpenAppTest" name="openAppTest" time="0.046"/>
  <testcase classname="UserRegistrationTest" name="testPasswordMismatchError" time="0.529"/>
  <testcase classname="UserRegistrationTest" name="verifySuccessfulRegistration" time="1.61"/>
</testsuite> <!-- Surefire test -->
