<?xml version="1.0" encoding="UTF-8"?>
<testng-results ignored="0" total="12" passed="12" failed="0" skipped="0">
  <reporter-output>
  </reporter-output>
  <suite started-at="2026-02-13T22:57:04 CET" name="Surefire suite" finished-at="2026-02-13T22:57:45 CET" duration-ms="41091">
    <groups>
    </groups>
    <test started-at="2026-02-13T22:57:04 CET" name="Surefire test" finished-at="2026-02-13T22:57:45 CET" duration-ms="41091">
      <class name="UserRegistrationTest">
        <test-method is-config="true" signature="setupTest()[pri:0, instance:UserRegistrationTest@69e153c5]" started-at="2026-02-13T22:57:36 CET" name="setupTest" finished-at="2026-02-13T22:57:39 CET" duration-ms="3152" status="PASS">
          <reporter-output>
          </reporter-output>
        </test-method> <!-- setupTest -->
        <test-method is-config="true" signature="registerTest(java.lang.reflect.Method)[pri:0, instance:UserRegistrationTest@69e153c5]" started-at="2026-02-13T22:57:36 CET" name="registerTest" finished-at="2026-02-13T22:57:36 CET" duration-ms="0" status="PASS">
          <params>
            <param index="0">
              <value>
                <![CDATA[public void UserRegistrationTest.testPasswordMismatchError()]]>
              </value>
            </param>
          </params>
          <reporter-output>
          </reporter-output>
        </test-method> <!-- registerTest -->
        <test-method signature="testPasswordMismatchError()[pri:0, instance:UserRegistrationTest@69e153c5]" started-at="2026-02-13T22:57:39 CET" name="testPasswordMismatchError" finished-at="2026-02-13T22:57:40 CET" duration-ms="529" status="PASS">
          <reporter-output>
          </reporter-output>
        </test-method> <!-- testPasswordMismatchError -->
        <test-method is-config="true" signature="afterEachTest(org.testng.ITestResult)[pri:0, instance:UserRegistrationTest@69e153c5]" started-at="2026-02-13T22:57:40 CET" name="afterEachTest" finished-at="2026-02-13T22:57:40 CET" duration-ms="0" status="PASS">
          <params>
            <param index="0">
              <value>
                <![CDATA[[TestResult name=testPasswordMismatchError status=SUCCESS method=UserRegistrationTest.testPasswordMismatchError()[pri:0, instance:UserRegistrationTest@69e153c5] output={null}]]]>
              </value>
            </param>
          </params>
          <reporter-output>
          </reporter-output>
        </test-method> <!-- afterEachTest -->
        <test-method is-config="true" signature="teardownTest()[pri:0, instance:UserRegistrationTest@69e153c5]" started-at="2026-02-13T22:57:40 CET" name="teardownTest" finished-at="2026-02-13T22:57:40 CET" duration-ms="92" status="PASS">
          <reporter-output>
          </reporter-output>
        </test-method> <!-- teardownTest -->
        <test-method is-config="true" signature="registerTest(java.lang.reflect.Method)[pri:0, instance:UserRegistrationTest@69e153c5]" started-at="2026-02-13T22:57:40 CET" name="registerTest" finished-at="2026-02-13T22:57:40 CET" duration-ms="0" status="PASS">
          <params>
            <param index="0">
              <value>
                <![CDATA[public void UserRegistrationTest.verifySuccessfulRegistration()]]>
              </value>
            </param>
          </params>
          <reporter-output>
          </reporter-output>
        </test-method> <!-- registerTest -->
        <test-method is-config="true" signature="setupTest()[pri:0, instance:UserRegistrationTest@69e153c5]" started-at="2026-02-13T22:57:40 CET" name="setupTest" finished-at="2026-02-13T22:57:43 CET" duration-ms="2923" status="PASS">
          <reporter-output>
          </reporter-output>
        </test-method> <!-- setupTest -->
        <test-method signature="verifySuccessfulRegistration()[pri:0, instance:UserRegistrationTest@69e153c5]" started-at="2026-02-13T22:57:43 CET" name="verifySuccessfulRegistration" finished-at="2026-02-13T22:57:45 CET" duration-ms="1610" status="PASS">
          <reporter-output>
          </reporter-output>
        </test-method> <!-- verifySuccessfulRegistration -->
        <test-method is-config="true" signature="afterEachTest(org.testng.ITestResult)[pri:0, instance:UserRegistrationTest@69e153c5]" started-at="2026-02-13T22:57:45 CET" name="afterEachTest" finished-at="2026-02-13T22:57:45 CET" duration-ms="0" status="PASS">
          <params>
            <param index="0">
              <value>
                <![CDATA[[TestResult name=verifySuccessfulRegistration status=SUCCESS method=UserRegistrationTest.verifySuccessfulRegistration()[pri:0, instance:UserRegistrationTest@69e153c5] output={null}]]]>
              </value>
            </param>
          </params>
          <reporter-output>
          </reporter-output>
        </test-method> <!-- afterEachTest -->
        <test-method is-config="true" signature="teardownTest()[pri:0, instance:UserRegistrationTest@69e153c5]" started-at="2026-02-13T22:57:45 CET" name="teardownTest" finished-at="2026-02-13T22:57:45 CET" duration-ms="89" status="PASS">
          <reporter-output>
          </reporter-output>
        </test-method> <!-- teardownTest -->
      </class> <!-- UserRegistrationTest -->
      <class name="OpenAppTest">
        <test-method is-config="true" signature="registerTest(java.lang.reflect.Method)[pri:0, instance:OpenAppTest@11392934]" started-at="2026-02-13T22:57:33 CET" name="registerTest" finished-at="2026-02-13T22:57:33 CET" duration-ms="0" status="PASS">
          <params>
            <param index="0">
              <value>
                <![CDATA[public void OpenAppTest.openAppTest() throws java.lang.InterruptedException]]>
              </value>
            </param>
          </params>
          <reporter-output>
          </reporter-output>
        </test-method> <!-- registerTest -->
        <test-method is-config="true" signature="setupTest()[pri:0, instance:OpenAppTest@11392934]" started-at="2026-02-13T22:57:33 CET" name="setupTest" finished-at="2026-02-13T22:57:36 CET" duration-ms="3000" status="PASS">
          <reporter-output>
          </reporter-output>
        </test-method> <!-- setupTest -->
        <test-method signature="openAppTest()[pri:0, instance:OpenAppTest@11392934]" started-at="2026-02-13T22:57:36 CET" name="openAppTest" finished-at="2026-02-13T22:57:36 CET" duration-ms="46" status="PASS">
          <reporter-output>
          </reporter-output>
        </test-method> <!-- openAppTest -->
        <test-method is-config="true" signature="teardownTest()[pri:0, instance:OpenAppTest@11392934]" started-at="2026-02-13T22:57:36 CET" name="teardownTest" finished-at="2026-02-13T22:57:36 CET" duration-ms="100" status="PASS">
          <reporter-output>
          </reporter-output>
        </test-method> <!-- teardownTest -->
        <test-method is-config="true" signature="afterEachTest(org.testng.ITestResult)[pri:0, instance:OpenAppTest@11392934]" started-at="2026-02-13T22:57:36 CET" name="afterEachTest" finished-at="2026-02-13T22:57:36 CET" duration-ms="0" status="PASS">
          <params>
            <param index="0">
              <value>
                <![CDATA[[TestResult name=openAppTest status=SUCCESS method=OpenAppTest.openAppTest()[pri:0, instance:OpenAppTest@11392934] output={null}]]]>
              </value>
            </param>
          </params>
          <reporter-output>
          </reporter-output>
        </test-method> <!-- afterEachTest -->
      </class> <!-- OpenAppTest -->
      <class name="AdminUserTest">
        <test-method is-config="true" signature="setupTest()[pri:0, instance:AdminUserTest@740cae06]" started-at="2026-02-13T22:57:04 CET" name="setupTest" finished-at="2026-02-13T22:57:08 CET" duration-ms="4211" status="PASS">
          <reporter-output>
          </reporter-output>
        </test-method> <!-- setupTest -->
        <test-method is-config="true" signature="registerTest(java.lang.reflect.Method)[pri:0, instance:AdminUserTest@740cae06]" started-at="2026-02-13T22:57:08 CET" name="registerTest" finished-at="2026-02-13T22:57:08 CET" duration-ms="4" status="PASS">
          <params>
            <param index="0">
              <value>
                <![CDATA[public void AdminUserTest.succesfulAdminLogin() throws java.lang.InterruptedException]]>
              </value>
            </param>
          </params>
          <reporter-output>
          </reporter-output>
        </test-method> <!-- registerTest -->
        <test-method signature="succesfulAdminLogin()[pri:1, instance:AdminUserTest@740cae06]" started-at="2026-02-13T22:57:08 CET" name="succesfulAdminLogin" finished-at="2026-02-13T22:57:09 CET" duration-ms="1272" status="PASS">
          <reporter-output>
          </reporter-output>
        </test-method> <!-- succesfulAdminLogin -->
        <test-method is-config="true" signature="afterEachTest(org.testng.ITestResult)[pri:0, instance:AdminUserTest@740cae06]" started-at="2026-02-13T22:57:09 CET" name="afterEachTest" finished-at="2026-02-13T22:57:09 CET" duration-ms="2" status="PASS">
          <params>
            <param index="0">
              <value>
                <![CDATA[[TestResult name=succesfulAdminLogin status=SUCCESS method=AdminUserTest.succesfulAdminLogin()[pri:1, instance:AdminUserTest@740cae06] output={null}]]]>
              </value>
            </param>
          </params>
          <reporter-output>
          </reporter-output>
        </test-method> <!-- afterEachTest -->
        <test-method is-config="true" signature="registerTest(java.lang.reflect.Method)[pri:0, instance:AdminUserTest@740cae06]" started-at="2026-02-13T22:57:09 CET" name="registerTest" finished-at="2026-02-13T22:57:09 CET" duration-ms="1" status="PASS">
          <params>
            <param index="0">
              <value>
                <![CDATA[public void AdminUserTest.succesfulAdminDashboard() throws java.lang.InterruptedException]]>
              </value>
            </param>
          </params>
          <reporter-output>
          </reporter-output>
        </test-method> <!-- registerTest -->
        <test-method signature="succesfulAdminDashboard()[pri:2, instance:AdminUserTest@740cae06]" started-at="2026-02-13T22:57:09 CET" name="succesfulAdminDashboard" finished-at="2026-02-13T22:57:09 CET" duration-ms="285" status="PASS">
          <reporter-output>
          </reporter-output>
        </test-method> <!-- succesfulAdminDashboard -->
        <test-method is-config="true" signature="afterEachTest(org.testng.ITestResult)[pri:0, instance:AdminUserTest@740cae06]" started-at="2026-02-13T22:57:09 CET" name="afterEachTest" finished-at="2026-02-13T22:57:09 CET" duration-ms="0" status="PASS">
          <params>
            <param index="0">
              <value>
                <![CDATA[[TestResult name=succesfulAdminDashboard status=SUCCESS method=AdminUserTest.succesfulAdminDashboard()[pri:2, instance:AdminUserTest@740cae06] output={null}]]]>
              </value>
            </param>
          </params>
          <reporter-output>
          </reporter-output>
        </test-method> <!-- afterEachTest -->
        <test-method is-config="true" signature="registerTest(java.lang.reflect.Method)[pri:0, instance:AdminUserTest@740cae06]" started-at="2026-02-13T22:57:09 CET" name="registerTest" finished-at="2026-02-13T22:57:09 CET" duration-ms="1" status="PASS">
          <params>
            <param index="0">
              <value>
                <![CDATA[public void AdminUserTest.workingOrdersSearch() throws java.lang.InterruptedException]]>
              </value>
            </param>
          </params>
          <reporter-output>
          </reporter-output>
        </test-method> <!-- registerTest -->
        <test-method signature="workingOrdersSearch()[pri:3, instance:AdminUserTest@740cae06]" started-at="2026-02-13T22:57:09 CET" name="workingOrdersSearch" finished-at="2026-02-13T22:57:10 CET" duration-ms="827" status="PASS">
          <reporter-output>
          </reporter-output>
        </test-method> <!-- workingOrdersSearch -->
        <test-method is-config="true" signature="afterEachTest(org.testng.ITestResult)[pri:0, instance:AdminUserTest@740cae06]" started-at="2026-02-13T22:57:10 CET" name="afterEachTest" finished-at="2026-02-13T22:57:10 CET" duration-ms="0" status="PASS">
          <params>
            <param index="0">
              <value>
                <![CDATA[[TestResult name=workingOrdersSearch status=SUCCESS method=AdminUserTest.workingOrdersSearch()[pri:3, instance:AdminUserTest@740cae06] output={null}]]]>
              </value>
            </param>
          </params>
          <reporter-output>
          </reporter-output>
        </test-method> <!-- afterEachTest -->
        <test-method is-config="true" signature="teardownTest()[pri:0, instance:AdminUserTest@740cae06]" started-at="2026-02-13T22:57:10 CET" name="teardownTest" finished-at="2026-02-13T22:57:10 CET" duration-ms="285" status="PASS">
          <reporter-output>
          </reporter-output>
        </test-method> <!-- teardownTest -->
      </class> <!-- AdminUserTest -->
      <class name="LoginNonexistingUserTest">
        <test-method is-config="true" signature="setupTest()[pri:0, instance:LoginNonexistingUserTest@2a265ea9]" started-at="2026-02-13T22:57:29 CET" name="setupTest" finished-at="2026-02-13T22:57:32 CET" duration-ms="2947" status="PASS">
          <reporter-output>
          </reporter-output>
        </test-method> <!-- setupTest -->
        <test-method signature="verifyUnsuccessfulLogin()[pri:1, instance:LoginNonexistingUserTest@2a265ea9]" started-at="2026-02-13T22:57:32 CET" name="verifyUnsuccessfulLogin" finished-at="2026-02-13T22:57:33 CET" duration-ms="835" status="PASS">
          <reporter-output>
          </reporter-output>
        </test-method> <!-- verifyUnsuccessfulLogin -->
        <test-method is-config="true" signature="registerTest(java.lang.reflect.Method)[pri:0, instance:LoginNonexistingUserTest@2a265ea9]" started-at="2026-02-13T22:57:32 CET" name="registerTest" finished-at="2026-02-13T22:57:32 CET" duration-ms="0" status="PASS">
          <params>
            <param index="0">
              <value>
                <![CDATA[public void LoginNonexistingUserTest.verifyUnsuccessfulLogin() throws java.lang.InterruptedException]]>
              </value>
            </param>
          </params>
          <reporter-output>
          </reporter-output>
        </test-method> <!-- registerTest -->
        <test-method is-config="true" signature="afterEachTest(org.testng.ITestResult)[pri:0, instance:LoginNonexistingUserTest@2a265ea9]" started-at="2026-02-13T22:57:33 CET" name="afterEachTest" finished-at="2026-02-13T22:57:33 CET" duration-ms="1" status="PASS">
          <params>
            <param index="0">
              <value>
                <![CDATA[[TestResult name=verifyUnsuccessfulLogin status=SUCCESS method=LoginNonexistingUserTest.verifyUnsuccessfulLogin()[pri:1, instance:LoginNonexistingUserTest@2a265ea9] output={null}]]]>
              </value>
            </param>
          </params>
          <reporter-output>
          </reporter-output>
        </test-method> <!-- afterEachTest -->
        <test-method is-config="true" signature="teardownTest()[pri:0, instance:LoginNonexistingUserTest@2a265ea9]" started-at="2026-02-13T22:57:33 CET" name="teardownTest" finished-at="2026-02-13T22:57:33 CET" duration-ms="100" status="PASS">
          <reporter-output>
          </reporter-output>
        </test-method> <!-- teardownTest -->
      </class> <!-- LoginNonexistingUserTest -->
      <class name="LoginExistingUserTest">
        <test-method is-config="true" signature="setupTest()[pri:0, instance:LoginExistingUserTest@6d4d66d2]" started-at="2026-02-13T22:57:22 CET" name="setupTest" finished-at="2026-02-13T22:57:25 CET" duration-ms="2933" status="PASS">
          <reporter-output>
          </reporter-output>
        </test-method> <!-- setupTest -->
        <test-method signature="verifySuccessfulLogin()[pri:1, instance:LoginExistingUserTest@6d4d66d2]" started-at="2026-02-13T22:57:25 CET" name="verifySuccessfulLogin" finished-at="2026-02-13T22:57:26 CET" duration-ms="1063" status="PASS">
          <reporter-output>
          </reporter-output>
        </test-method> <!-- verifySuccessfulLogin -->
        <test-method is-config="true" signature="registerTest(java.lang.reflect.Method)[pri:0, instance:LoginExistingUserTest@6d4d66d2]" started-at="2026-02-13T22:57:25 CET" name="registerTest" finished-at="2026-02-13T22:57:25 CET" duration-ms="0" status="PASS">
          <params>
            <param index="0">
              <value>
                <![CDATA[public void LoginExistingUserTest.verifySuccessfulLogin() throws java.lang.InterruptedException]]>
              </value>
            </param>
          </params>
          <reporter-output>
          </reporter-output>
        </test-method> <!-- registerTest -->
        <test-method is-config="true" signature="afterEachTest(org.testng.ITestResult)[pri:0, instance:LoginExistingUserTest@6d4d66d2]" started-at="2026-02-13T22:57:26 CET" name="afterEachTest" finished-at="2026-02-13T22:57:26 CET" duration-ms="0" status="PASS">
          <params>
            <param index="0">
              <value>
                <![CDATA[[TestResult name=verifySuccessfulLogin status=SUCCESS method=LoginExistingUserTest.verifySuccessfulLogin()[pri:1, instance:LoginExistingUserTest@6d4d66d2] output={null}]]]>
              </value>
            </param>
          </params>
          <reporter-output>
          </reporter-output>
        </test-method> <!-- afterEachTest -->
        <test-method signature="verifySuccesfulLogout()[pri:2, instance:LoginExistingUserTest@6d4d66d2]" started-at="2026-02-13T22:57:26 CET" name="verifySuccesfulLogout" finished-at="2026-02-13T22:57:29 CET" duration-ms="3247" status="PASS">
          <reporter-output>
          </reporter-output>
        </test-method> <!-- verifySuccesfulLogout -->
        <test-method is-config="true" signature="registerTest(java.lang.reflect.Method)[pri:0, instance:LoginExistingUserTest@6d4d66d2]" started-at="2026-02-13T22:57:26 CET" name="registerTest" finished-at="2026-02-13T22:57:26 CET" duration-ms="0" status="PASS">
          <params>
            <param index="0">
              <value>
                <![CDATA[public void LoginExistingUserTest.verifySuccesfulLogout() throws java.lang.InterruptedException]]>
              </value>
            </param>
          </params>
          <reporter-output>
          </reporter-output>
        </test-method> <!-- registerTest -->
        <test-method is-config="true" signature="afterEachTest(org.testng.ITestResult)[pri:0, instance:LoginExistingUserTest@6d4d66d2]" started-at="2026-02-13T22:57:29 CET" name="afterEachTest" finished-at="2026-02-13T22:57:29 CET" duration-ms="0" status="PASS">
          <params>
            <param index="0">
              <value>
                <![CDATA[[TestResult name=verifySuccesfulLogout status=SUCCESS method=LoginExistingUserTest.verifySuccesfulLogout()[pri:2, instance:LoginExistingUserTest@6d4d66d2] output={null}]]]>
              </value>
            </param>
          </params>
          <reporter-output>
          </reporter-output>
        </test-method> <!-- afterEachTest -->
        <test-method is-config="true" signature="teardownTest()[pri:0, instance:LoginExistingUserTest@6d4d66d2]" started-at="2026-02-13T22:57:29 CET" name="teardownTest" finished-at="2026-02-13T22:57:29 CET" duration-ms="108" status="PASS">
          <reporter-output>
          </reporter-output>
        </test-method> <!-- teardownTest -->
      </class> <!-- LoginExistingUserTest -->
      <class name="CheckoutProcessTest">
        <test-method is-config="true" signature="setupTest()[pri:0, instance:CheckoutProcessTest@54c5a2ff]" started-at="2026-02-13T22:57:10 CET" name="setupTest" finished-at="2026-02-13T22:57:14 CET" duration-ms="3390" status="PASS">
          <reporter-output>
          </reporter-output>
        </test-method> <!-- setupTest -->
        <test-method signature="verifyCorrectItemsInCart()[pri:1, instance:CheckoutProcessTest@54c5a2ff]" started-at="2026-02-13T22:57:14 CET" name="verifyCorrectItemsInCart" finished-at="2026-02-13T22:57:21 CET" duration-ms="6938" status="PASS">
          <reporter-output>
          </reporter-output>
        </test-method> <!-- verifyCorrectItemsInCart -->
        <test-method is-config="true" signature="registerTest(java.lang.reflect.Method)[pri:0, instance:CheckoutProcessTest@54c5a2ff]" started-at="2026-02-13T22:57:14 CET" name="registerTest" finished-at="2026-02-13T22:57:14 CET" duration-ms="0" status="PASS">
          <params>
            <param index="0">
              <value>
                <![CDATA[public void CheckoutProcessTest.verifyCorrectItemsInCart() throws java.lang.InterruptedException]]>
              </value>
            </param>
          </params>
          <reporter-output>
          </reporter-output>
        </test-method> <!-- registerTest -->
        <test-method is-config="true" signature="afterEachTest(org.testng.ITestResult)[pri:0, instance:CheckoutProcessTest@54c5a2ff]" started-at="2026-02-13T22:57:21 CET" name="afterEachTest" finished-at="2026-02-13T22:57:21 CET" duration-ms="0" status="PASS">
          <params>
            <param index="0">
              <value>
                <![CDATA[[TestResult name=verifyCorrectItemsInCart status=SUCCESS method=CheckoutProcessTest.verifyCorrectItemsInCart()[pri:1, instance:CheckoutProcessTest@54c5a2ff] output={null}]]]>
              </value>
            </param>
          </params>
          <reporter-output>
          </reporter-output>
        </test-method> <!-- afterEachTest -->
        <test-method is-config="true" signature="registerTest(java.lang.reflect.Method)[pri:0, instance:CheckoutProcessTest@54c5a2ff]" started-at="2026-02-13T22:57:21 CET" name="registerTest" finished-at="2026-02-13T22:57:21 CET" duration-ms="1" status="PASS">
          <params>
            <param index="0">
              <value>
                <![CDATA[public void CheckoutProcessTest.verifyCorrectCheckout() throws java.lang.InterruptedException]]>
              </value>
            </param>
          </params>
          <reporter-output>
          </reporter-output>
        </test-method> <!-- registerTest -->
        <test-method signature="verifyCorrectCheckout()[pri:2, instance:CheckoutProcessTest@54c5a2ff]" started-at="2026-02-13T22:57:21 CET" name="verifyCorrectCheckout" finished-at="2026-02-13T22:57:21 CET" duration-ms="80" status="PASS">
          <reporter-output>
          </reporter-output>
        </test-method> <!-- verifyCorrectCheckout -->
        <test-method is-config="true" signature="registerTest(java.lang.reflect.Method)[pri:0, instance:CheckoutProcessTest@54c5a2ff]" started-at="2026-02-13T22:57:21 CET" name="registerTest" finished-at="2026-02-13T22:57:21 CET" duration-ms="0" status="PASS">
          <params>
            <param index="0">
              <value>
                <![CDATA[public void CheckoutProcessTest.testCheckoutAndPaymentFlow()]]>
              </value>
            </param>
          </params>
          <reporter-output>
          </reporter-output>
        </test-method> <!-- registerTest -->
        <test-method is-config="true" signature="afterEachTest(org.testng.ITestResult)[pri:0, instance:CheckoutProcessTest@54c5a2ff]" started-at="2026-02-13T22:57:21 CET" name="afterEachTest" finished-at="2026-02-13T22:57:21 CET" duration-ms="0" status="PASS">
          <params>
            <param index="0">
              <value>
                <![CDATA[[TestResult name=verifyCorrectCheckout status=SUCCESS method=CheckoutProcessTest.verifyCorrectCheckout()[pri:2, instance:CheckoutProcessTest@54c5a2ff] output={null}]]]>
              </value>
            </param>
          </params>
          <reporter-output>
          </reporter-output>
        </test-method> <!-- afterEachTest -->
        <test-method signature="testCheckoutAndPaymentFlow()[pri:3, instance:CheckoutProcessTest@54c5a2ff]" started-at="2026-02-13T22:57:21 CET" name="testCheckoutAndPaymentFlow" finished-at="2026-02-13T22:57:22 CET" duration-ms="860" status="PASS">
          <reporter-output>
          </reporter-output>
        </test-method> <!-- testCheckoutAndPaymentFlow -->
        <test-method is-config="true" signature="teardownTest()[pri:0, instance:CheckoutProcessTest@54c5a2ff]" started-at="2026-02-13T22:57:22 CET" name="teardownTest" finished-at="2026-02-13T22:57:22 CET" duration-ms="116" status="PASS">
          <reporter-output>
          </reporter-output>
        </test-method> <!-- teardownTest -->
        <test-method is-config="true" signature="afterEachTest(org.testng.ITestResult)[pri:0, instance:CheckoutProcessTest@54c5a2ff]" started-at="2026-02-13T22:57:22 CET" name="afterEachTest" finished-at="2026-02-13T22:57:22 CET" duration-ms="0" status="PASS">
          <params>
            <param index="0">
              <value>
                <![CDATA[[TestResult name=testCheckoutAndPaymentFlow status=SUCCESS method=CheckoutProcessTest.testCheckoutAndPaymentFlow()[pri:3, instance:CheckoutProcessTest@54c5a2ff] output={null}]]]>
              </value>
            </param>
          </params>
          <reporter-output>
          </reporter-output>
        </test-method> <!-- afterEachTest -->
      </class> <!-- CheckoutProcessTest -->
    </test> <!-- Surefire test -->
  </suite> <!-- Surefire suite -->
</testng-results>
