<?xml version="1.0" encoding="UTF-8"?>
<!-- Generated by org.testng.reporters.JUnitReportReporter -->
<testsuite hostname="krcko-PC" failures="0" tests="3" name="CheckoutProcessTest" time="7.879" errors="0" timestamp="2026-02-13T22:57:45 CET" skipped="0">
  <testcase classname="CheckoutProcessTest" name="verifyCorrectItemsInCart" time="6.938"/>
  <testcase classname="CheckoutProcessTest" name="verifyCorrectCheckout" time="0.080"/>
  <testcase classname="CheckoutProcessTest" name="testCheckoutAndPaymentFlow" time="0.861"/>
</testsuite> <!-- CheckoutProcessTest -->
