<?xml version="1.0" encoding="UTF-8"?>
<!-- Generated by org.testng.reporters.JUnitReportReporter -->
<testsuite hostname="krcko-PC" failures="0" tests="3" name="AdminUserTest" time="2.392" errors="0" timestamp="2026-02-13T22:57:45 CET" skipped="0">
  <testcase classname="AdminUserTest" name="succesfulAdminLogin" time="1.276"/>
  <testcase classname="AdminUserTest" name="succesfulAdminDashboard" time="0.286"/>
  <testcase classname="AdminUserTest" name="workingOrdersSearch" time="0.830"/>
</testsuite> <!-- AdminUserTest -->
